[28-Dec-2024 07:15:33 UTC] PHP Fatal error:  Cannot redeclare enqueue_tailwind() (previously declared in /srv/http/git/kvkualaselangor.com/main/wp-content/themes/kvks-theme/functions.php:4) in /srv/http/git/kvkualaselangor.com/main/wp-content/themes/kvks-theme/functions.php on line 4
[28-Dec-2024 07:27:09 UTC] PHP Warning:  include(header.php): Failed to open stream: No such file or directory in /srv/http/git/kvkualaselangor.com/main/wp-content/themes/kvks-theme/index.php on line 1
[28-Dec-2024 07:27:09 UTC] PHP Warning:  include(): Failed opening 'header.php' for inclusion (include_path='.:') in /srv/http/git/kvkualaselangor.com/main/wp-content/themes/kvks-theme/index.php on line 1
[28-Dec-2024 07:27:09 UTC] PHP Warning:  include(footer.php): Failed to open stream: No such file or directory in /srv/http/git/kvkualaselangor.com/main/wp-content/themes/kvks-theme/index.php on line 4
[28-Dec-2024 07:27:09 UTC] PHP Warning:  include(): Failed opening 'footer.php' for inclusion (include_path='.:') in /srv/http/git/kvkualaselangor.com/main/wp-content/themes/kvks-theme/index.php on line 4
[28-Dec-2024 07:27:43 UTC] PHP Warning:  include(header.php): Failed to open stream: No such file or directory in /srv/http/git/kvkualaselangor.com/main/wp-content/themes/kvks-theme/index.php on line 1
[28-Dec-2024 07:27:43 UTC] PHP Warning:  include(): Failed opening 'header.php' for inclusion (include_path='.:') in /srv/http/git/kvkualaselangor.com/main/wp-content/themes/kvks-theme/index.php on line 1
[28-Dec-2024 07:27:43 UTC] PHP Warning:  include(footer.php): Failed to open stream: No such file or directory in /srv/http/git/kvkualaselangor.com/main/wp-content/themes/kvks-theme/index.php on line 4
[28-Dec-2024 07:27:43 UTC] PHP Warning:  include(): Failed opening 'footer.php' for inclusion (include_path='.:') in /srv/http/git/kvkualaselangor.com/main/wp-content/themes/kvks-theme/index.php on line 4
[28-Dec-2024 07:27:53 UTC] PHP Warning:  include(header.php): Failed to open stream: No such file or directory in /srv/http/git/kvkualaselangor.com/main/wp-content/themes/kvks-theme/index.php on line 1
[28-Dec-2024 07:27:53 UTC] PHP Warning:  include(): Failed opening 'header.php' for inclusion (include_path='.:') in /srv/http/git/kvkualaselangor.com/main/wp-content/themes/kvks-theme/index.php on line 1
[28-Dec-2024 07:27:53 UTC] PHP Warning:  include(footer.php): Failed to open stream: No such file or directory in /srv/http/git/kvkualaselangor.com/main/wp-content/themes/kvks-theme/index.php on line 4
[28-Dec-2024 07:27:53 UTC] PHP Warning:  include(): Failed opening 'footer.php' for inclusion (include_path='.:') in /srv/http/git/kvkualaselangor.com/main/wp-content/themes/kvks-theme/index.php on line 4
[28-Dec-2024 07:28:03 UTC] PHP Warning:  include(header.php): Failed to open stream: No such file or directory in /srv/http/git/kvkualaselangor.com/main/wp-content/themes/kvks-theme/index.php on line 1
[28-Dec-2024 07:28:03 UTC] PHP Warning:  include(): Failed opening 'header.php' for inclusion (include_path='.:') in /srv/http/git/kvkualaselangor.com/main/wp-content/themes/kvks-theme/index.php on line 1
[28-Dec-2024 07:28:03 UTC] PHP Warning:  include(footer.php): Failed to open stream: No such file or directory in /srv/http/git/kvkualaselangor.com/main/wp-content/themes/kvks-theme/index.php on line 4
[28-Dec-2024 07:28:03 UTC] PHP Warning:  include(): Failed opening 'footer.php' for inclusion (include_path='.:') in /srv/http/git/kvkualaselangor.com/main/wp-content/themes/kvks-theme/index.php on line 4
[28-Dec-2024 07:30:45 UTC] PHP Warning:  include(header.php): Failed to open stream: No such file or directory in /srv/http/git/kvkualaselangor.com/main/wp-content/themes/kvks-theme/front-page.php on line 1
[28-Dec-2024 07:30:45 UTC] PHP Warning:  include(): Failed opening 'header.php' for inclusion (include_path='.:') in /srv/http/git/kvkualaselangor.com/main/wp-content/themes/kvks-theme/front-page.php on line 1
[28-Dec-2024 07:30:45 UTC] PHP Warning:  include(footer.php): Failed to open stream: No such file or directory in /srv/http/git/kvkualaselangor.com/main/wp-content/themes/kvks-theme/front-page.php on line 4
[28-Dec-2024 07:30:45 UTC] PHP Warning:  include(): Failed opening 'footer.php' for inclusion (include_path='.:') in /srv/http/git/kvkualaselangor.com/main/wp-content/themes/kvks-theme/front-page.php on line 4
[28-Dec-2024 07:32:54 UTC] PHP Warning:  include(footer.php): Failed to open stream: No such file or directory in /srv/http/git/kvkualaselangor.com/main/wp-content/themes/kvks-theme/front-page.php on line 4
[28-Dec-2024 07:32:54 UTC] PHP Warning:  include(): Failed opening 'footer.php' for inclusion (include_path='.:') in /srv/http/git/kvkualaselangor.com/main/wp-content/themes/kvks-theme/front-page.php on line 4
[28-Dec-2024 07:33:41 UTC] PHP Warning:  include(footer.php): Failed to open stream: No such file or directory in /srv/http/git/kvkualaselangor.com/main/wp-content/themes/kvks-theme/front-page.php on line 5
[28-Dec-2024 07:33:41 UTC] PHP Warning:  include(): Failed opening 'footer.php' for inclusion (include_path='.:') in /srv/http/git/kvkualaselangor.com/main/wp-content/themes/kvks-theme/front-page.php on line 5
[28-Dec-2024 07:33:50 UTC] PHP Warning:  include(footer.php): Failed to open stream: No such file or directory in /srv/http/git/kvkualaselangor.com/main/wp-content/themes/kvks-theme/front-page.php on line 4
[28-Dec-2024 07:33:50 UTC] PHP Warning:  include(): Failed opening 'footer.php' for inclusion (include_path='.:') in /srv/http/git/kvkualaselangor.com/main/wp-content/themes/kvks-theme/front-page.php on line 4
[28-Dec-2024 07:33:55 UTC] PHP Warning:  include(footer.php): Failed to open stream: No such file or directory in /srv/http/git/kvkualaselangor.com/main/wp-content/themes/kvks-theme/front-page.php on line 4
[28-Dec-2024 07:33:55 UTC] PHP Warning:  include(): Failed opening 'footer.php' for inclusion (include_path='.:') in /srv/http/git/kvkualaselangor.com/main/wp-content/themes/kvks-theme/front-page.php on line 4
[28-Dec-2024 07:33:59 UTC] PHP Warning:  include(footer.php): Failed to open stream: No such file or directory in /srv/http/git/kvkualaselangor.com/main/wp-content/themes/kvks-theme/front-page.php on line 4
[28-Dec-2024 07:33:59 UTC] PHP Warning:  include(): Failed opening 'footer.php' for inclusion (include_path='.:') in /srv/http/git/kvkualaselangor.com/main/wp-content/themes/kvks-theme/front-page.php on line 4
[28-Dec-2024 07:34:07 UTC] PHP Warning:  include(footer.php): Failed to open stream: No such file or directory in /srv/http/git/kvkualaselangor.com/main/wp-content/themes/kvks-theme/front-page.php on line 4
[28-Dec-2024 07:34:07 UTC] PHP Warning:  include(): Failed opening 'footer.php' for inclusion (include_path='.:') in /srv/http/git/kvkualaselangor.com/main/wp-content/themes/kvks-theme/front-page.php on line 4
[28-Dec-2024 07:34:18 UTC] PHP Warning:  include(footer.php): Failed to open stream: No such file or directory in /srv/http/git/kvkualaselangor.com/main/wp-content/themes/kvks-theme/front-page.php on line 4
[28-Dec-2024 07:34:18 UTC] PHP Warning:  include(): Failed opening 'footer.php' for inclusion (include_path='.:') in /srv/http/git/kvkualaselangor.com/main/wp-content/themes/kvks-theme/front-page.php on line 4
[28-Dec-2024 07:34:59 UTC] PHP Warning:  include(footer.php): Failed to open stream: No such file or directory in /srv/http/git/kvkualaselangor.com/main/wp-content/themes/kvks-theme/front-page.php on line 4
[28-Dec-2024 07:34:59 UTC] PHP Warning:  include(): Failed opening 'footer.php' for inclusion (include_path='.:') in /srv/http/git/kvkualaselangor.com/main/wp-content/themes/kvks-theme/front-page.php on line 4
[28-Dec-2024 07:35:37 UTC] PHP Warning:  include(footer.php): Failed to open stream: No such file or directory in /srv/http/git/kvkualaselangor.com/main/wp-content/themes/kvks-theme/front-page.php on line 4
[28-Dec-2024 07:35:37 UTC] PHP Warning:  include(): Failed opening 'footer.php' for inclusion (include_path='.:') in /srv/http/git/kvkualaselangor.com/main/wp-content/themes/kvks-theme/front-page.php on line 4
[28-Dec-2024 07:38:45 UTC] PHP Warning:  include(footer.php): Failed to open stream: No such file or directory in /srv/http/git/kvkualaselangor.com/main/wp-content/themes/kvks-theme/front-page.php on line 4
[28-Dec-2024 07:38:45 UTC] PHP Warning:  include(): Failed opening 'footer.php' for inclusion (include_path='.:') in /srv/http/git/kvkualaselangor.com/main/wp-content/themes/kvks-theme/front-page.php on line 4
[28-Dec-2024 07:38:49 UTC] PHP Warning:  include(footer.php): Failed to open stream: No such file or directory in /srv/http/git/kvkualaselangor.com/main/wp-content/themes/kvks-theme/front-page.php on line 4
[28-Dec-2024 07:38:49 UTC] PHP Warning:  include(): Failed opening 'footer.php' for inclusion (include_path='.:') in /srv/http/git/kvkualaselangor.com/main/wp-content/themes/kvks-theme/front-page.php on line 4
[28-Dec-2024 08:12:12 UTC] PHP Warning:  include(./components/navbar.php): Failed to open stream: No such file or directory in /srv/http/git/kvkualaselangor.com/main/wp-content/themes/kvks-theme/front-page.php on line 4
[28-Dec-2024 08:12:12 UTC] PHP Warning:  include(): Failed opening './components/navbar.php' for inclusion (include_path='.:') in /srv/http/git/kvkualaselangor.com/main/wp-content/themes/kvks-theme/front-page.php on line 4
[28-Dec-2024 08:12:24 UTC] PHP Warning:  include(./components/navbar.php): Failed to open stream: No such file or directory in /srv/http/git/kvkualaselangor.com/main/wp-content/themes/kvks-theme/front-page.php on line 4
[28-Dec-2024 08:12:24 UTC] PHP Warning:  include(): Failed opening './components/navbar.php' for inclusion (include_path='.:') in /srv/http/git/kvkualaselangor.com/main/wp-content/themes/kvks-theme/front-page.php on line 4
[28-Dec-2024 08:22:10 UTC] PHP Parse error:  syntax error, unexpected token ";", expecting ")" in /srv/http/git/kvkualaselangor.com/main/wp-content/themes/kvks-theme/functions.php on line 20
[28-Dec-2024 08:22:30 UTC] PHP Parse error:  syntax error, unexpected token ";", expecting ")" in /srv/http/git/kvkualaselangor.com/main/wp-content/themes/kvks-theme/functions.php on line 20
[28-Dec-2024 08:22:45 UTC] PHP Parse error:  syntax error, unexpected token ";", expecting ")" in /srv/http/git/kvkualaselangor.com/main/wp-content/themes/kvks-theme/functions.php on line 20
[28-Dec-2024 08:24:32 UTC] PHP Parse error:  syntax error, unexpected token ";", expecting ")" in /srv/http/git/kvkualaselangor.com/main/wp-content/themes/kvks-theme/functions.php on line 19
[28-Dec-2024 08:24:52 UTC] PHP Parse error:  syntax error, unexpected token ";", expecting ")" in /srv/http/git/kvkualaselangor.com/main/wp-content/themes/kvks-theme/header.php on line 13
[28-Dec-2024 09:03:13 UTC] PHP Parse error:  syntax error, unexpected token "echo" in /srv/http/git/kvkualaselangor.com/main/wp-content/themes/kvks-theme/header.php on line 64
[28-Dec-2024 09:03:17 UTC] PHP Warning:  Array to string conversion in /srv/http/git/kvkualaselangor.com/main/wp-content/themes/kvks-theme/header.php on line 64
[28-Dec-2024 09:03:49 UTC] PHP Warning:  Undefined array key "title" in /srv/http/git/kvkualaselangor.com/main/wp-content/themes/kvks-theme/header.php on line 66
[28-Dec-2024 09:04:17 UTC] PHP Parse error:  syntax error, unexpected token "echo", expecting "," or ";" in /srv/http/git/kvkualaselangor.com/main/wp-content/themes/kvks-theme/header.php on line 65
[28-Dec-2024 09:04:25 UTC] PHP Parse error:  syntax error, unexpected token "echo", expecting "," or ";" in /srv/http/git/kvkualaselangor.com/main/wp-content/themes/kvks-theme/header.php on line 65
[28-Dec-2024 09:04:28 UTC] PHP Parse error:  syntax error, unexpected token "echo", expecting "," or ";" in /srv/http/git/kvkualaselangor.com/main/wp-content/themes/kvks-theme/header.php on line 65
[28-Dec-2024 09:06:37 UTC] PHP Warning:  include(./functions/menu.php): Failed to open stream: No such file or directory in /srv/http/git/kvkualaselangor.com/main/wp-content/themes/kvks-theme/header.php on line 13
[28-Dec-2024 09:06:37 UTC] PHP Warning:  include(): Failed opening './functions/menu.php' for inclusion (include_path='.:') in /srv/http/git/kvkualaselangor.com/main/wp-content/themes/kvks-theme/header.php on line 13
[28-Dec-2024 09:06:37 UTC] PHP Fatal error:  Uncaught Error: Call to undefined function extract_menu_items() in /srv/http/git/kvkualaselangor.com/main/wp-content/themes/kvks-theme/header.php:15
Stack trace:
#0 /srv/http/git/kvkualaselangor.com/main/wp-includes/template.php(810): require_once()
#1 /srv/http/git/kvkualaselangor.com/main/wp-includes/template.php(745): load_template()
#2 /srv/http/git/kvkualaselangor.com/main/wp-includes/general-template.php(48): locate_template()
#3 /srv/http/git/kvkualaselangor.com/main/wp-content/themes/kvks-theme/page.php(1): get_header()
#4 /srv/http/git/kvkualaselangor.com/main/wp-includes/template-loader.php(106): include('...')
#5 /srv/http/git/kvkualaselangor.com/main/wp-blog-header.php(19): require_once('...')
#6 /srv/http/git/kvkualaselangor.com/main/index.php(17): require('...')
#7 {main}
  thrown in /srv/http/git/kvkualaselangor.com/main/wp-content/themes/kvks-theme/header.php on line 15
[28-Dec-2024 09:06:40 UTC] PHP Warning:  include(./functions/menu.php): Failed to open stream: No such file or directory in /srv/http/git/kvkualaselangor.com/main/wp-content/themes/kvks-theme/header.php on line 13
[28-Dec-2024 09:06:40 UTC] PHP Warning:  include(): Failed opening './functions/menu.php' for inclusion (include_path='.:') in /srv/http/git/kvkualaselangor.com/main/wp-content/themes/kvks-theme/header.php on line 13
[28-Dec-2024 09:06:40 UTC] PHP Fatal error:  Uncaught Error: Call to undefined function extract_menu_items() in /srv/http/git/kvkualaselangor.com/main/wp-content/themes/kvks-theme/header.php:15
Stack trace:
#0 /srv/http/git/kvkualaselangor.com/main/wp-includes/template.php(810): require_once()
#1 /srv/http/git/kvkualaselangor.com/main/wp-includes/template.php(745): load_template()
#2 /srv/http/git/kvkualaselangor.com/main/wp-includes/general-template.php(48): locate_template()
#3 /srv/http/git/kvkualaselangor.com/main/wp-content/themes/kvks-theme/page.php(1): get_header()
#4 /srv/http/git/kvkualaselangor.com/main/wp-includes/template-loader.php(106): include('...')
#5 /srv/http/git/kvkualaselangor.com/main/wp-blog-header.php(19): require_once('...')
#6 /srv/http/git/kvkualaselangor.com/main/index.php(17): require('...')
#7 {main}
  thrown in /srv/http/git/kvkualaselangor.com/main/wp-content/themes/kvks-theme/header.php on line 15
[28-Dec-2024 09:06:57 UTC] PHP Warning:  include(./functions/menu.php): Failed to open stream: No such file or directory in /srv/http/git/kvkualaselangor.com/main/wp-content/themes/kvks-theme/header.php on line 13
[28-Dec-2024 09:06:57 UTC] PHP Warning:  include(): Failed opening './functions/menu.php' for inclusion (include_path='.:') in /srv/http/git/kvkualaselangor.com/main/wp-content/themes/kvks-theme/header.php on line 13
[28-Dec-2024 09:07:01 UTC] PHP Warning:  include(./functions/menu.php): Failed to open stream: No such file or directory in /srv/http/git/kvkualaselangor.com/main/wp-content/themes/kvks-theme/header.php on line 13
[28-Dec-2024 09:07:01 UTC] PHP Warning:  include(): Failed opening './functions/menu.php' for inclusion (include_path='.:') in /srv/http/git/kvkualaselangor.com/main/wp-content/themes/kvks-theme/header.php on line 13
[28-Dec-2024 09:07:01 UTC] PHP Fatal error:  Uncaught Error: Call to undefined function extract_menu_items() in /srv/http/git/kvkualaselangor.com/main/wp-content/themes/kvks-theme/header.php:14
Stack trace:
#0 /srv/http/git/kvkualaselangor.com/main/wp-includes/template.php(810): require_once()
#1 /srv/http/git/kvkualaselangor.com/main/wp-includes/template.php(745): load_template()
#2 /srv/http/git/kvkualaselangor.com/main/wp-includes/general-template.php(48): locate_template()
#3 /srv/http/git/kvkualaselangor.com/main/wp-content/themes/kvks-theme/page.php(1): get_header()
#4 /srv/http/git/kvkualaselangor.com/main/wp-includes/template-loader.php(106): include('...')
#5 /srv/http/git/kvkualaselangor.com/main/wp-blog-header.php(19): require_once('...')
#6 /srv/http/git/kvkualaselangor.com/main/index.php(17): require('...')
#7 {main}
  thrown in /srv/http/git/kvkualaselangor.com/main/wp-content/themes/kvks-theme/header.php on line 14
[28-Dec-2024 09:07:10 UTC] PHP Warning:  require_once(./functions/menu.php): Failed to open stream: No such file or directory in /srv/http/git/kvkualaselangor.com/main/wp-content/themes/kvks-theme/header.php on line 13
[28-Dec-2024 09:07:10 UTC] PHP Fatal error:  Uncaught Error: Failed opening required './functions/menu.php' (include_path='.:') in /srv/http/git/kvkualaselangor.com/main/wp-content/themes/kvks-theme/header.php:13
Stack trace:
#0 /srv/http/git/kvkualaselangor.com/main/wp-includes/template.php(810): require_once()
#1 /srv/http/git/kvkualaselangor.com/main/wp-includes/template.php(745): load_template()
#2 /srv/http/git/kvkualaselangor.com/main/wp-includes/general-template.php(48): locate_template()
#3 /srv/http/git/kvkualaselangor.com/main/wp-content/themes/kvks-theme/page.php(1): get_header()
#4 /srv/http/git/kvkualaselangor.com/main/wp-includes/template-loader.php(106): include('...')
#5 /srv/http/git/kvkualaselangor.com/main/wp-blog-header.php(19): require_once('...')
#6 /srv/http/git/kvkualaselangor.com/main/index.php(17): require('...')
#7 {main}
  thrown in /srv/http/git/kvkualaselangor.com/main/wp-content/themes/kvks-theme/header.php on line 13
[28-Dec-2024 09:50:22 UTC] PHP Parse error:  syntax error, unexpected token ")" in /srv/http/git/kvkualaselangor.com/main/wp-content/themes/kvks-theme/header.php on line 34
[28-Dec-2024 09:50:27 UTC] PHP Parse error:  syntax error, unexpected token ")" in /srv/http/git/kvkualaselangor.com/main/wp-content/themes/kvks-theme/header.php on line 34
[28-Dec-2024 09:56:30 UTC] PHP Parse error:  syntax error, unexpected token "/" in /srv/http/git/kvkualaselangor.com/main/wp-content/themes/kvks-theme/header.php on line 36
[28-Dec-2024 09:56:37 UTC] PHP Parse error:  syntax error, unexpected token "/" in /srv/http/git/kvkualaselangor.com/main/wp-content/themes/kvks-theme/header.php on line 36
[29-Dec-2024 05:33:00 UTC] PHP Warning:  Array to string conversion in /srv/http/git/kvkualaselangor.com/main/wp-content/themes/kvks-theme/header.php on line 22
[29-Dec-2024 05:33:26 UTC] PHP Fatal error:  Uncaught TypeError: htmlspecialchars(): Argument #1 ($string) must be of type string, array given in /srv/http/git/kvkualaselangor.com/main/wp-content/themes/kvks-theme/header.php:22
Stack trace:
#0 /srv/http/git/kvkualaselangor.com/main/wp-content/themes/kvks-theme/header.php(22): htmlspecialchars()
#1 /srv/http/git/kvkualaselangor.com/main/wp-includes/template.php(810): require_once('...')
#2 /srv/http/git/kvkualaselangor.com/main/wp-includes/template.php(745): load_template()
#3 /srv/http/git/kvkualaselangor.com/main/wp-includes/general-template.php(48): locate_template()
#4 /srv/http/git/kvkualaselangor.com/main/wp-content/themes/kvks-theme/page.php(1): get_header()
#5 /srv/http/git/kvkualaselangor.com/main/wp-includes/template-loader.php(106): include('...')
#6 /srv/http/git/kvkualaselangor.com/main/wp-blog-header.php(19): require_once('...')
#7 /srv/http/git/kvkualaselangor.com/main/index.php(17): require('...')
#8 {main}
  thrown in /srv/http/git/kvkualaselangor.com/main/wp-content/themes/kvks-theme/header.php on line 22
[29-Dec-2024 05:33:51 UTC] PHP Fatal error:  Uncaught TypeError: htmlspecialchars(): Argument #1 ($string) must be of type string, array given in /srv/http/git/kvkualaselangor.com/main/wp-content/themes/kvks-theme/header.php:22
Stack trace:
#0 /srv/http/git/kvkualaselangor.com/main/wp-content/themes/kvks-theme/header.php(22): htmlspecialchars()
#1 /srv/http/git/kvkualaselangor.com/main/wp-includes/template.php(810): require_once('...')
#2 /srv/http/git/kvkualaselangor.com/main/wp-includes/template.php(745): load_template()
#3 /srv/http/git/kvkualaselangor.com/main/wp-includes/general-template.php(48): locate_template()
#4 /srv/http/git/kvkualaselangor.com/main/wp-content/themes/kvks-theme/page.php(1): get_header()
#5 /srv/http/git/kvkualaselangor.com/main/wp-includes/template-loader.php(106): include('...')
#6 /srv/http/git/kvkualaselangor.com/main/wp-blog-header.php(19): require_once('...')
#7 /srv/http/git/kvkualaselangor.com/main/index.php(17): require('...')
#8 {main}
  thrown in /srv/http/git/kvkualaselangor.com/main/wp-content/themes/kvks-theme/header.php on line 22
[29-Dec-2024 05:37:21 UTC] PHP Warning:  Undefined array key 0 in /srv/http/git/kvkualaselangor.com/main/wp-content/themes/kvks-theme/header.php on line 46
[29-Dec-2024 05:37:21 UTC] PHP Warning:  Trying to access array offset on value of type null in /srv/http/git/kvkualaselangor.com/main/wp-content/themes/kvks-theme/header.php on line 46
[29-Dec-2024 05:37:21 UTC] PHP Warning:  Undefined array key 1 in /srv/http/git/kvkualaselangor.com/main/wp-content/themes/kvks-theme/header.php on line 46
[29-Dec-2024 05:37:21 UTC] PHP Warning:  Trying to access array offset on value of type null in /srv/http/git/kvkualaselangor.com/main/wp-content/themes/kvks-theme/header.php on line 46
[29-Dec-2024 05:37:21 UTC] PHP Warning:  Undefined array key 2 in /srv/http/git/kvkualaselangor.com/main/wp-content/themes/kvks-theme/header.php on line 46
[29-Dec-2024 05:37:21 UTC] PHP Warning:  Trying to access array offset on value of type null in /srv/http/git/kvkualaselangor.com/main/wp-content/themes/kvks-theme/header.php on line 46
[29-Dec-2024 05:37:21 UTC] PHP Warning:  Undefined array key 3 in /srv/http/git/kvkualaselangor.com/main/wp-content/themes/kvks-theme/header.php on line 46
[29-Dec-2024 05:37:21 UTC] PHP Warning:  Trying to access array offset on value of type null in /srv/http/git/kvkualaselangor.com/main/wp-content/themes/kvks-theme/header.php on line 46
[29-Dec-2024 05:37:21 UTC] PHP Warning:  Undefined array key 4 in /srv/http/git/kvkualaselangor.com/main/wp-content/themes/kvks-theme/header.php on line 46
[29-Dec-2024 05:37:21 UTC] PHP Warning:  Trying to access array offset on value of type null in /srv/http/git/kvkualaselangor.com/main/wp-content/themes/kvks-theme/header.php on line 46
[29-Dec-2024 05:37:21 UTC] PHP Warning:  Undefined array key 5 in /srv/http/git/kvkualaselangor.com/main/wp-content/themes/kvks-theme/header.php on line 46
[29-Dec-2024 05:37:21 UTC] PHP Warning:  Trying to access array offset on value of type null in /srv/http/git/kvkualaselangor.com/main/wp-content/themes/kvks-theme/header.php on line 46
[29-Dec-2024 05:37:21 UTC] PHP Warning:  Undefined array key 6 in /srv/http/git/kvkualaselangor.com/main/wp-content/themes/kvks-theme/header.php on line 46
[29-Dec-2024 05:37:21 UTC] PHP Warning:  Trying to access array offset on value of type null in /srv/http/git/kvkualaselangor.com/main/wp-content/themes/kvks-theme/header.php on line 46
[29-Dec-2024 05:37:21 UTC] PHP Warning:  Undefined array key 7 in /srv/http/git/kvkualaselangor.com/main/wp-content/themes/kvks-theme/header.php on line 46
[29-Dec-2024 05:37:21 UTC] PHP Warning:  Trying to access array offset on value of type null in /srv/http/git/kvkualaselangor.com/main/wp-content/themes/kvks-theme/header.php on line 46
[29-Dec-2024 05:37:21 UTC] PHP Warning:  Undefined array key 8 in /srv/http/git/kvkualaselangor.com/main/wp-content/themes/kvks-theme/header.php on line 46
[29-Dec-2024 05:37:21 UTC] PHP Warning:  Trying to access array offset on value of type null in /srv/http/git/kvkualaselangor.com/main/wp-content/themes/kvks-theme/header.php on line 46
[29-Dec-2024 05:37:21 UTC] PHP Warning:  Undefined array key 9 in /srv/http/git/kvkualaselangor.com/main/wp-content/themes/kvks-theme/header.php on line 46
[29-Dec-2024 05:37:21 UTC] PHP Warning:  Trying to access array offset on value of type null in /srv/http/git/kvkualaselangor.com/main/wp-content/themes/kvks-theme/header.php on line 46
[29-Dec-2024 05:41:57 UTC] PHP Fatal error:  Uncaught Error: Call to undefined function echovar_dump() in /srv/http/git/kvkualaselangor.com/main/wp-content/themes/kvks-theme/header.php:22
Stack trace:
#0 /srv/http/git/kvkualaselangor.com/main/wp-includes/template.php(810): require_once()
#1 /srv/http/git/kvkualaselangor.com/main/wp-includes/template.php(745): load_template()
#2 /srv/http/git/kvkualaselangor.com/main/wp-includes/general-template.php(48): locate_template()
#3 /srv/http/git/kvkualaselangor.com/main/wp-content/themes/kvks-theme/page.php(1): get_header()
#4 /srv/http/git/kvkualaselangor.com/main/wp-includes/template-loader.php(106): include('...')
#5 /srv/http/git/kvkualaselangor.com/main/wp-blog-header.php(19): require_once('...')
#6 /srv/http/git/kvkualaselangor.com/main/index.php(17): require('...')
#7 {main}
  thrown in /srv/http/git/kvkualaselangor.com/main/wp-content/themes/kvks-theme/header.php on line 22
[29-Dec-2024 05:45:58 UTC] PHP Fatal error:  Uncaught TypeError: htmlspecialchars(): Argument #1 ($string) must be of type string, array given in /srv/http/git/kvkualaselangor.com/main/wp-content/themes/kvks-theme/header.php:22
Stack trace:
#0 /srv/http/git/kvkualaselangor.com/main/wp-content/themes/kvks-theme/header.php(22): htmlspecialchars()
#1 /srv/http/git/kvkualaselangor.com/main/wp-includes/template.php(810): require_once('...')
#2 /srv/http/git/kvkualaselangor.com/main/wp-includes/template.php(745): load_template()
#3 /srv/http/git/kvkualaselangor.com/main/wp-includes/general-template.php(48): locate_template()
#4 /srv/http/git/kvkualaselangor.com/main/wp-content/themes/kvks-theme/page.php(1): get_header()
#5 /srv/http/git/kvkualaselangor.com/main/wp-includes/template-loader.php(106): include('...')
#6 /srv/http/git/kvkualaselangor.com/main/wp-blog-header.php(19): require_once('...')
#7 /srv/http/git/kvkualaselangor.com/main/index.php(17): require('...')
#8 {main}
  thrown in /srv/http/git/kvkualaselangor.com/main/wp-content/themes/kvks-theme/header.php on line 22
[29-Dec-2024 05:46:16 UTC] PHP Fatal error:  Uncaught TypeError: htmlspecialchars(): Argument #1 ($string) must be of type string, array given in /srv/http/git/kvkualaselangor.com/main/wp-content/themes/kvks-theme/header.php:22
Stack trace:
#0 /srv/http/git/kvkualaselangor.com/main/wp-content/themes/kvks-theme/header.php(22): htmlspecialchars()
#1 /srv/http/git/kvkualaselangor.com/main/wp-includes/template.php(810): require_once('...')
#2 /srv/http/git/kvkualaselangor.com/main/wp-includes/template.php(745): load_template()
#3 /srv/http/git/kvkualaselangor.com/main/wp-includes/general-template.php(48): locate_template()
#4 /srv/http/git/kvkualaselangor.com/main/wp-content/themes/kvks-theme/page.php(1): get_header()
#5 /srv/http/git/kvkualaselangor.com/main/wp-includes/template-loader.php(106): include('...')
#6 /srv/http/git/kvkualaselangor.com/main/wp-blog-header.php(19): require_once('...')
#7 /srv/http/git/kvkualaselangor.com/main/index.php(17): require('...')
#8 {main}
  thrown in /srv/http/git/kvkualaselangor.com/main/wp-content/themes/kvks-theme/header.php on line 22
[29-Dec-2024 05:51:23 UTC] PHP Warning:  Array to string conversion in /srv/http/git/kvkualaselangor.com/main/wp-content/themes/kvks-theme/header.php on line 56
[29-Dec-2024 05:51:23 UTC] PHP Warning:  Array to string conversion in /srv/http/git/kvkualaselangor.com/main/wp-content/themes/kvks-theme/header.php on line 56
[29-Dec-2024 05:52:19 UTC] PHP Warning:  Undefined variable $sub_menu_items in /srv/http/git/kvkualaselangor.com/main/wp-content/themes/kvks-theme/header.php on line 60
[29-Dec-2024 05:53:15 UTC] PHP Warning:  Undefined array key 1 in /srv/http/git/kvkualaselangor.com/main/wp-content/themes/kvks-theme/header.php on line 56
[29-Dec-2024 05:53:15 UTC] PHP Warning:  Trying to access array offset on value of type null in /srv/http/git/kvkualaselangor.com/main/wp-content/themes/kvks-theme/header.php on line 56
[29-Dec-2024 05:53:15 UTC] PHP Warning:  Undefined array key 1 in /srv/http/git/kvkualaselangor.com/main/wp-content/themes/kvks-theme/header.php on line 56
[29-Dec-2024 05:53:15 UTC] PHP Warning:  Trying to access array offset on value of type null in /srv/http/git/kvkualaselangor.com/main/wp-content/themes/kvks-theme/header.php on line 56
[29-Dec-2024 05:53:15 UTC] PHP Warning:  Undefined array key 2 in /srv/http/git/kvkualaselangor.com/main/wp-content/themes/kvks-theme/header.php on line 56
[29-Dec-2024 05:53:15 UTC] PHP Warning:  Trying to access array offset on value of type null in /srv/http/git/kvkualaselangor.com/main/wp-content/themes/kvks-theme/header.php on line 56
[29-Dec-2024 05:53:15 UTC] PHP Warning:  Undefined array key 2 in /srv/http/git/kvkualaselangor.com/main/wp-content/themes/kvks-theme/header.php on line 56
[29-Dec-2024 05:53:15 UTC] PHP Warning:  Trying to access array offset on value of type null in /srv/http/git/kvkualaselangor.com/main/wp-content/themes/kvks-theme/header.php on line 56
[29-Dec-2024 05:53:15 UTC] PHP Warning:  Undefined array key 4 in /srv/http/git/kvkualaselangor.com/main/wp-content/themes/kvks-theme/header.php on line 56
[29-Dec-2024 05:53:15 UTC] PHP Warning:  Trying to access array offset on value of type null in /srv/http/git/kvkualaselangor.com/main/wp-content/themes/kvks-theme/header.php on line 56
[29-Dec-2024 05:53:15 UTC] PHP Warning:  Undefined array key 4 in /srv/http/git/kvkualaselangor.com/main/wp-content/themes/kvks-theme/header.php on line 56
[29-Dec-2024 05:53:15 UTC] PHP Warning:  Trying to access array offset on value of type null in /srv/http/git/kvkualaselangor.com/main/wp-content/themes/kvks-theme/header.php on line 56
[29-Dec-2024 05:53:15 UTC] PHP Warning:  Undefined array key 5 in /srv/http/git/kvkualaselangor.com/main/wp-content/themes/kvks-theme/header.php on line 56
[29-Dec-2024 05:53:15 UTC] PHP Warning:  Trying to access array offset on value of type null in /srv/http/git/kvkualaselangor.com/main/wp-content/themes/kvks-theme/header.php on line 56
[29-Dec-2024 05:53:15 UTC] PHP Warning:  Undefined array key 5 in /srv/http/git/kvkualaselangor.com/main/wp-content/themes/kvks-theme/header.php on line 56
[29-Dec-2024 05:53:15 UTC] PHP Warning:  Trying to access array offset on value of type null in /srv/http/git/kvkualaselangor.com/main/wp-content/themes/kvks-theme/header.php on line 56
[29-Dec-2024 05:53:15 UTC] PHP Warning:  Undefined array key 6 in /srv/http/git/kvkualaselangor.com/main/wp-content/themes/kvks-theme/header.php on line 56
[29-Dec-2024 05:53:15 UTC] PHP Warning:  Trying to access array offset on value of type null in /srv/http/git/kvkualaselangor.com/main/wp-content/themes/kvks-theme/header.php on line 56
[29-Dec-2024 05:53:15 UTC] PHP Warning:  Undefined array key 6 in /srv/http/git/kvkualaselangor.com/main/wp-content/themes/kvks-theme/header.php on line 56
[29-Dec-2024 05:53:15 UTC] PHP Warning:  Trying to access array offset on value of type null in /srv/http/git/kvkualaselangor.com/main/wp-content/themes/kvks-theme/header.php on line 56
[29-Dec-2024 05:53:15 UTC] PHP Warning:  Undefined array key 7 in /srv/http/git/kvkualaselangor.com/main/wp-content/themes/kvks-theme/header.php on line 56
[29-Dec-2024 05:53:15 UTC] PHP Warning:  Trying to access array offset on value of type null in /srv/http/git/kvkualaselangor.com/main/wp-content/themes/kvks-theme/header.php on line 56
[29-Dec-2024 05:53:15 UTC] PHP Warning:  Undefined array key 7 in /srv/http/git/kvkualaselangor.com/main/wp-content/themes/kvks-theme/header.php on line 56
[29-Dec-2024 05:53:15 UTC] PHP Warning:  Trying to access array offset on value of type null in /srv/http/git/kvkualaselangor.com/main/wp-content/themes/kvks-theme/header.php on line 56
[29-Dec-2024 05:53:15 UTC] PHP Warning:  Undefined array key 8 in /srv/http/git/kvkualaselangor.com/main/wp-content/themes/kvks-theme/header.php on line 56
[29-Dec-2024 05:53:15 UTC] PHP Warning:  Trying to access array offset on value of type null in /srv/http/git/kvkualaselangor.com/main/wp-content/themes/kvks-theme/header.php on line 56
[29-Dec-2024 05:53:15 UTC] PHP Warning:  Undefined array key 8 in /srv/http/git/kvkualaselangor.com/main/wp-content/themes/kvks-theme/header.php on line 56
[29-Dec-2024 05:53:15 UTC] PHP Warning:  Trying to access array offset on value of type null in /srv/http/git/kvkualaselangor.com/main/wp-content/themes/kvks-theme/header.php on line 56
[29-Dec-2024 05:53:15 UTC] PHP Warning:  Undefined array key 9 in /srv/http/git/kvkualaselangor.com/main/wp-content/themes/kvks-theme/header.php on line 56
[29-Dec-2024 05:53:15 UTC] PHP Warning:  Trying to access array offset on value of type null in /srv/http/git/kvkualaselangor.com/main/wp-content/themes/kvks-theme/header.php on line 56
[29-Dec-2024 05:53:15 UTC] PHP Warning:  Undefined array key 9 in /srv/http/git/kvkualaselangor.com/main/wp-content/themes/kvks-theme/header.php on line 56
[29-Dec-2024 05:53:15 UTC] PHP Warning:  Trying to access array offset on value of type null in /srv/http/git/kvkualaselangor.com/main/wp-content/themes/kvks-theme/header.php on line 56
[29-Dec-2024 05:53:15 UTC] PHP Warning:  Undefined array key 10 in /srv/http/git/kvkualaselangor.com/main/wp-content/themes/kvks-theme/header.php on line 56
[29-Dec-2024 05:53:15 UTC] PHP Warning:  Trying to access array offset on value of type null in /srv/http/git/kvkualaselangor.com/main/wp-content/themes/kvks-theme/header.php on line 56
[29-Dec-2024 05:53:15 UTC] PHP Warning:  Undefined array key 10 in /srv/http/git/kvkualaselangor.com/main/wp-content/themes/kvks-theme/header.php on line 56
[29-Dec-2024 05:53:15 UTC] PHP Warning:  Trying to access array offset on value of type null in /srv/http/git/kvkualaselangor.com/main/wp-content/themes/kvks-theme/header.php on line 56
[29-Dec-2024 05:53:15 UTC] PHP Warning:  Undefined variable $sub_menu_items in /srv/http/git/kvkualaselangor.com/main/wp-content/themes/kvks-theme/header.php on line 65
[29-Dec-2024 05:53:29 UTC] PHP Warning:  Undefined array key 1 in /srv/http/git/kvkualaselangor.com/main/wp-content/themes/kvks-theme/header.php on line 56
[29-Dec-2024 05:53:29 UTC] PHP Warning:  Trying to access array offset on value of type null in /srv/http/git/kvkualaselangor.com/main/wp-content/themes/kvks-theme/header.php on line 56
[29-Dec-2024 05:53:29 UTC] PHP Warning:  Undefined array key 1 in /srv/http/git/kvkualaselangor.com/main/wp-content/themes/kvks-theme/header.php on line 56
[29-Dec-2024 05:53:29 UTC] PHP Warning:  Trying to access array offset on value of type null in /srv/http/git/kvkualaselangor.com/main/wp-content/themes/kvks-theme/header.php on line 56
[29-Dec-2024 05:53:29 UTC] PHP Warning:  Undefined array key 2 in /srv/http/git/kvkualaselangor.com/main/wp-content/themes/kvks-theme/header.php on line 56
[29-Dec-2024 05:53:29 UTC] PHP Warning:  Trying to access array offset on value of type null in /srv/http/git/kvkualaselangor.com/main/wp-content/themes/kvks-theme/header.php on line 56
[29-Dec-2024 05:53:29 UTC] PHP Warning:  Undefined array key 2 in /srv/http/git/kvkualaselangor.com/main/wp-content/themes/kvks-theme/header.php on line 56
[29-Dec-2024 05:53:29 UTC] PHP Warning:  Trying to access array offset on value of type null in /srv/http/git/kvkualaselangor.com/main/wp-content/themes/kvks-theme/header.php on line 56
[29-Dec-2024 05:53:29 UTC] PHP Warning:  Undefined array key 4 in /srv/http/git/kvkualaselangor.com/main/wp-content/themes/kvks-theme/header.php on line 56
[29-Dec-2024 05:53:29 UTC] PHP Warning:  Trying to access array offset on value of type null in /srv/http/git/kvkualaselangor.com/main/wp-content/themes/kvks-theme/header.php on line 56
[29-Dec-2024 05:53:29 UTC] PHP Warning:  Undefined array key 4 in /srv/http/git/kvkualaselangor.com/main/wp-content/themes/kvks-theme/header.php on line 56
[29-Dec-2024 05:53:29 UTC] PHP Warning:  Trying to access array offset on value of type null in /srv/http/git/kvkualaselangor.com/main/wp-content/themes/kvks-theme/header.php on line 56
[29-Dec-2024 05:53:29 UTC] PHP Warning:  Undefined array key 5 in /srv/http/git/kvkualaselangor.com/main/wp-content/themes/kvks-theme/header.php on line 56
[29-Dec-2024 05:53:29 UTC] PHP Warning:  Trying to access array offset on value of type null in /srv/http/git/kvkualaselangor.com/main/wp-content/themes/kvks-theme/header.php on line 56
[29-Dec-2024 05:53:29 UTC] PHP Warning:  Undefined array key 5 in /srv/http/git/kvkualaselangor.com/main/wp-content/themes/kvks-theme/header.php on line 56
[29-Dec-2024 05:53:29 UTC] PHP Warning:  Trying to access array offset on value of type null in /srv/http/git/kvkualaselangor.com/main/wp-content/themes/kvks-theme/header.php on line 56
[29-Dec-2024 05:53:29 UTC] PHP Warning:  Undefined array key 6 in /srv/http/git/kvkualaselangor.com/main/wp-content/themes/kvks-theme/header.php on line 56
[29-Dec-2024 05:53:29 UTC] PHP Warning:  Trying to access array offset on value of type null in /srv/http/git/kvkualaselangor.com/main/wp-content/themes/kvks-theme/header.php on line 56
[29-Dec-2024 05:53:29 UTC] PHP Warning:  Undefined array key 6 in /srv/http/git/kvkualaselangor.com/main/wp-content/themes/kvks-theme/header.php on line 56
[29-Dec-2024 05:53:29 UTC] PHP Warning:  Trying to access array offset on value of type null in /srv/http/git/kvkualaselangor.com/main/wp-content/themes/kvks-theme/header.php on line 56
[29-Dec-2024 05:53:29 UTC] PHP Warning:  Undefined array key 7 in /srv/http/git/kvkualaselangor.com/main/wp-content/themes/kvks-theme/header.php on line 56
[29-Dec-2024 05:53:29 UTC] PHP Warning:  Trying to access array offset on value of type null in /srv/http/git/kvkualaselangor.com/main/wp-content/themes/kvks-theme/header.php on line 56
[29-Dec-2024 05:53:29 UTC] PHP Warning:  Undefined array key 7 in /srv/http/git/kvkualaselangor.com/main/wp-content/themes/kvks-theme/header.php on line 56
[29-Dec-2024 05:53:29 UTC] PHP Warning:  Trying to access array offset on value of type null in /srv/http/git/kvkualaselangor.com/main/wp-content/themes/kvks-theme/header.php on line 56
[29-Dec-2024 05:53:29 UTC] PHP Warning:  Undefined array key 8 in /srv/http/git/kvkualaselangor.com/main/wp-content/themes/kvks-theme/header.php on line 56
[29-Dec-2024 05:53:29 UTC] PHP Warning:  Trying to access array offset on value of type null in /srv/http/git/kvkualaselangor.com/main/wp-content/themes/kvks-theme/header.php on line 56
[29-Dec-2024 05:53:29 UTC] PHP Warning:  Undefined array key 8 in /srv/http/git/kvkualaselangor.com/main/wp-content/themes/kvks-theme/header.php on line 56
[29-Dec-2024 05:53:29 UTC] PHP Warning:  Trying to access array offset on value of type null in /srv/http/git/kvkualaselangor.com/main/wp-content/themes/kvks-theme/header.php on line 56
[29-Dec-2024 05:53:29 UTC] PHP Warning:  Undefined array key 9 in /srv/http/git/kvkualaselangor.com/main/wp-content/themes/kvks-theme/header.php on line 56
[29-Dec-2024 05:53:29 UTC] PHP Warning:  Trying to access array offset on value of type null in /srv/http/git/kvkualaselangor.com/main/wp-content/themes/kvks-theme/header.php on line 56
[29-Dec-2024 05:53:29 UTC] PHP Warning:  Undefined array key 9 in /srv/http/git/kvkualaselangor.com/main/wp-content/themes/kvks-theme/header.php on line 56
[29-Dec-2024 05:53:29 UTC] PHP Warning:  Trying to access array offset on value of type null in /srv/http/git/kvkualaselangor.com/main/wp-content/themes/kvks-theme/header.php on line 56
[29-Dec-2024 05:53:29 UTC] PHP Warning:  Undefined array key 10 in /srv/http/git/kvkualaselangor.com/main/wp-content/themes/kvks-theme/header.php on line 56
[29-Dec-2024 05:53:29 UTC] PHP Warning:  Trying to access array offset on value of type null in /srv/http/git/kvkualaselangor.com/main/wp-content/themes/kvks-theme/header.php on line 56
[29-Dec-2024 05:53:29 UTC] PHP Warning:  Undefined array key 10 in /srv/http/git/kvkualaselangor.com/main/wp-content/themes/kvks-theme/header.php on line 56
[29-Dec-2024 05:53:29 UTC] PHP Warning:  Trying to access array offset on value of type null in /srv/http/git/kvkualaselangor.com/main/wp-content/themes/kvks-theme/header.php on line 56
[29-Dec-2024 05:53:42 UTC] PHP Warning:  Undefined array key 3 in /srv/http/git/kvkualaselangor.com/main/wp-content/themes/kvks-theme/header.php on line 56
[29-Dec-2024 05:53:42 UTC] PHP Warning:  Trying to access array offset on value of type null in /srv/http/git/kvkualaselangor.com/main/wp-content/themes/kvks-theme/header.php on line 56
[29-Dec-2024 05:53:42 UTC] PHP Warning:  Undefined array key 3 in /srv/http/git/kvkualaselangor.com/main/wp-content/themes/kvks-theme/header.php on line 56
[29-Dec-2024 05:53:42 UTC] PHP Warning:  Trying to access array offset on value of type null in /srv/http/git/kvkualaselangor.com/main/wp-content/themes/kvks-theme/header.php on line 56
[29-Dec-2024 05:54:41 UTC] PHP Warning:  Undefined array key 1 in /srv/http/git/kvkualaselangor.com/main/wp-content/themes/kvks-theme/header.php on line 65
[29-Dec-2024 05:54:41 UTC] PHP Warning:  Trying to access array offset on value of type null in /srv/http/git/kvkualaselangor.com/main/wp-content/themes/kvks-theme/header.php on line 65
[29-Dec-2024 05:54:41 UTC] PHP Warning:  Undefined array key 1 in /srv/http/git/kvkualaselangor.com/main/wp-content/themes/kvks-theme/header.php on line 65
[29-Dec-2024 05:54:41 UTC] PHP Warning:  Trying to access array offset on value of type null in /srv/http/git/kvkualaselangor.com/main/wp-content/themes/kvks-theme/header.php on line 65
[29-Dec-2024 05:54:41 UTC] PHP Warning:  Undefined array key 2 in /srv/http/git/kvkualaselangor.com/main/wp-content/themes/kvks-theme/header.php on line 65
[29-Dec-2024 05:54:41 UTC] PHP Warning:  Trying to access array offset on value of type null in /srv/http/git/kvkualaselangor.com/main/wp-content/themes/kvks-theme/header.php on line 65
[29-Dec-2024 05:54:41 UTC] PHP Warning:  Undefined array key 2 in /srv/http/git/kvkualaselangor.com/main/wp-content/themes/kvks-theme/header.php on line 65
[29-Dec-2024 05:54:41 UTC] PHP Warning:  Trying to access array offset on value of type null in /srv/http/git/kvkualaselangor.com/main/wp-content/themes/kvks-theme/header.php on line 65
[29-Dec-2024 05:54:41 UTC] PHP Warning:  Undefined array key 4 in /srv/http/git/kvkualaselangor.com/main/wp-content/themes/kvks-theme/header.php on line 65
[29-Dec-2024 05:54:41 UTC] PHP Warning:  Trying to access array offset on value of type null in /srv/http/git/kvkualaselangor.com/main/wp-content/themes/kvks-theme/header.php on line 65
[29-Dec-2024 05:54:41 UTC] PHP Warning:  Undefined array key 4 in /srv/http/git/kvkualaselangor.com/main/wp-content/themes/kvks-theme/header.php on line 65
[29-Dec-2024 05:54:41 UTC] PHP Warning:  Trying to access array offset on value of type null in /srv/http/git/kvkualaselangor.com/main/wp-content/themes/kvks-theme/header.php on line 65
[29-Dec-2024 05:54:41 UTC] PHP Warning:  Undefined array key 5 in /srv/http/git/kvkualaselangor.com/main/wp-content/themes/kvks-theme/header.php on line 65
[29-Dec-2024 05:54:41 UTC] PHP Warning:  Trying to access array offset on value of type null in /srv/http/git/kvkualaselangor.com/main/wp-content/themes/kvks-theme/header.php on line 65
[29-Dec-2024 05:54:41 UTC] PHP Warning:  Undefined array key 5 in /srv/http/git/kvkualaselangor.com/main/wp-content/themes/kvks-theme/header.php on line 65
[29-Dec-2024 05:54:41 UTC] PHP Warning:  Trying to access array offset on value of type null in /srv/http/git/kvkualaselangor.com/main/wp-content/themes/kvks-theme/header.php on line 65
[29-Dec-2024 05:54:41 UTC] PHP Warning:  Undefined array key 6 in /srv/http/git/kvkualaselangor.com/main/wp-content/themes/kvks-theme/header.php on line 65
[29-Dec-2024 05:54:41 UTC] PHP Warning:  Trying to access array offset on value of type null in /srv/http/git/kvkualaselangor.com/main/wp-content/themes/kvks-theme/header.php on line 65
[29-Dec-2024 05:54:41 UTC] PHP Warning:  Undefined array key 6 in /srv/http/git/kvkualaselangor.com/main/wp-content/themes/kvks-theme/header.php on line 65
[29-Dec-2024 05:54:41 UTC] PHP Warning:  Trying to access array offset on value of type null in /srv/http/git/kvkualaselangor.com/main/wp-content/themes/kvks-theme/header.php on line 65
[29-Dec-2024 05:54:41 UTC] PHP Warning:  Undefined array key 7 in /srv/http/git/kvkualaselangor.com/main/wp-content/themes/kvks-theme/header.php on line 65
[29-Dec-2024 05:54:41 UTC] PHP Warning:  Trying to access array offset on value of type null in /srv/http/git/kvkualaselangor.com/main/wp-content/themes/kvks-theme/header.php on line 65
[29-Dec-2024 05:54:41 UTC] PHP Warning:  Undefined array key 7 in /srv/http/git/kvkualaselangor.com/main/wp-content/themes/kvks-theme/header.php on line 65
[29-Dec-2024 05:54:41 UTC] PHP Warning:  Trying to access array offset on value of type null in /srv/http/git/kvkualaselangor.com/main/wp-content/themes/kvks-theme/header.php on line 65
[29-Dec-2024 05:54:41 UTC] PHP Warning:  Undefined array key 8 in /srv/http/git/kvkualaselangor.com/main/wp-content/themes/kvks-theme/header.php on line 65
[29-Dec-2024 05:54:41 UTC] PHP Warning:  Trying to access array offset on value of type null in /srv/http/git/kvkualaselangor.com/main/wp-content/themes/kvks-theme/header.php on line 65
[29-Dec-2024 05:54:41 UTC] PHP Warning:  Undefined array key 8 in /srv/http/git/kvkualaselangor.com/main/wp-content/themes/kvks-theme/header.php on line 65
[29-Dec-2024 05:54:41 UTC] PHP Warning:  Trying to access array offset on value of type null in /srv/http/git/kvkualaselangor.com/main/wp-content/themes/kvks-theme/header.php on line 65
[29-Dec-2024 05:54:41 UTC] PHP Warning:  Undefined array key 9 in /srv/http/git/kvkualaselangor.com/main/wp-content/themes/kvks-theme/header.php on line 65
[29-Dec-2024 05:54:41 UTC] PHP Warning:  Trying to access array offset on value of type null in /srv/http/git/kvkualaselangor.com/main/wp-content/themes/kvks-theme/header.php on line 65
[29-Dec-2024 05:54:41 UTC] PHP Warning:  Undefined array key 9 in /srv/http/git/kvkualaselangor.com/main/wp-content/themes/kvks-theme/header.php on line 65
[29-Dec-2024 05:54:41 UTC] PHP Warning:  Trying to access array offset on value of type null in /srv/http/git/kvkualaselangor.com/main/wp-content/themes/kvks-theme/header.php on line 65
[29-Dec-2024 05:54:41 UTC] PHP Warning:  Undefined array key 10 in /srv/http/git/kvkualaselangor.com/main/wp-content/themes/kvks-theme/header.php on line 65
[29-Dec-2024 05:54:41 UTC] PHP Warning:  Trying to access array offset on value of type null in /srv/http/git/kvkualaselangor.com/main/wp-content/themes/kvks-theme/header.php on line 65
[29-Dec-2024 05:54:41 UTC] PHP Warning:  Undefined array key 10 in /srv/http/git/kvkualaselangor.com/main/wp-content/themes/kvks-theme/header.php on line 65
[29-Dec-2024 05:54:41 UTC] PHP Warning:  Trying to access array offset on value of type null in /srv/http/git/kvkualaselangor.com/main/wp-content/themes/kvks-theme/header.php on line 65
[29-Dec-2024 05:55:52 UTC] PHP Warning:  Undefined array key 1 in /srv/http/git/kvkualaselangor.com/main/wp-content/themes/kvks-theme/header.php on line 65
[29-Dec-2024 05:55:52 UTC] PHP Warning:  Trying to access array offset on value of type null in /srv/http/git/kvkualaselangor.com/main/wp-content/themes/kvks-theme/header.php on line 65
[29-Dec-2024 05:55:52 UTC] PHP Warning:  Undefined array key 2 in /srv/http/git/kvkualaselangor.com/main/wp-content/themes/kvks-theme/header.php on line 65
[29-Dec-2024 05:55:52 UTC] PHP Warning:  Trying to access array offset on value of type null in /srv/http/git/kvkualaselangor.com/main/wp-content/themes/kvks-theme/header.php on line 65
[29-Dec-2024 05:55:52 UTC] PHP Warning:  Undefined array key 4 in /srv/http/git/kvkualaselangor.com/main/wp-content/themes/kvks-theme/header.php on line 65
[29-Dec-2024 05:55:52 UTC] PHP Warning:  Trying to access array offset on value of type null in /srv/http/git/kvkualaselangor.com/main/wp-content/themes/kvks-theme/header.php on line 65
[29-Dec-2024 05:55:52 UTC] PHP Warning:  Undefined array key 5 in /srv/http/git/kvkualaselangor.com/main/wp-content/themes/kvks-theme/header.php on line 65
[29-Dec-2024 05:55:52 UTC] PHP Warning:  Trying to access array offset on value of type null in /srv/http/git/kvkualaselangor.com/main/wp-content/themes/kvks-theme/header.php on line 65
[29-Dec-2024 05:55:52 UTC] PHP Warning:  Undefined array key 6 in /srv/http/git/kvkualaselangor.com/main/wp-content/themes/kvks-theme/header.php on line 65
[29-Dec-2024 05:55:52 UTC] PHP Warning:  Trying to access array offset on value of type null in /srv/http/git/kvkualaselangor.com/main/wp-content/themes/kvks-theme/header.php on line 65
[29-Dec-2024 05:55:52 UTC] PHP Warning:  Undefined array key 7 in /srv/http/git/kvkualaselangor.com/main/wp-content/themes/kvks-theme/header.php on line 65
[29-Dec-2024 05:55:52 UTC] PHP Warning:  Trying to access array offset on value of type null in /srv/http/git/kvkualaselangor.com/main/wp-content/themes/kvks-theme/header.php on line 65
[29-Dec-2024 05:55:52 UTC] PHP Warning:  Undefined array key 8 in /srv/http/git/kvkualaselangor.com/main/wp-content/themes/kvks-theme/header.php on line 65
[29-Dec-2024 05:55:52 UTC] PHP Warning:  Trying to access array offset on value of type null in /srv/http/git/kvkualaselangor.com/main/wp-content/themes/kvks-theme/header.php on line 65
[29-Dec-2024 05:55:52 UTC] PHP Warning:  Undefined array key 9 in /srv/http/git/kvkualaselangor.com/main/wp-content/themes/kvks-theme/header.php on line 65
[29-Dec-2024 05:55:52 UTC] PHP Warning:  Trying to access array offset on value of type null in /srv/http/git/kvkualaselangor.com/main/wp-content/themes/kvks-theme/header.php on line 65
[29-Dec-2024 05:55:52 UTC] PHP Warning:  Undefined array key 10 in /srv/http/git/kvkualaselangor.com/main/wp-content/themes/kvks-theme/header.php on line 65
[29-Dec-2024 05:55:52 UTC] PHP Warning:  Trying to access array offset on value of type null in /srv/http/git/kvkualaselangor.com/main/wp-content/themes/kvks-theme/header.php on line 65
[29-Dec-2024 06:19:42 UTC] PHP Fatal error:  Uncaught Error: Call to undefined function parse_menu() in /srv/http/git/kvkualaselangor.com/main/wp-content/themes/kvks-theme/header.php:21
Stack trace:
#0 /srv/http/git/kvkualaselangor.com/main/wp-includes/template.php(810): require_once()
#1 /srv/http/git/kvkualaselangor.com/main/wp-includes/template.php(745): load_template()
#2 /srv/http/git/kvkualaselangor.com/main/wp-includes/general-template.php(48): locate_template()
#3 /srv/http/git/kvkualaselangor.com/main/wp-content/themes/kvks-theme/page.php(1): get_header()
#4 /srv/http/git/kvkualaselangor.com/main/wp-includes/template-loader.php(106): include('...')
#5 /srv/http/git/kvkualaselangor.com/main/wp-blog-header.php(19): require_once('...')
#6 /srv/http/git/kvkualaselangor.com/main/index.php(17): require('...')
#7 {main}
  thrown in /srv/http/git/kvkualaselangor.com/main/wp-content/themes/kvks-theme/header.php on line 21
[29-Dec-2024 06:19:48 UTC] PHP Fatal error:  Uncaught Error: Call to undefined function parse_menu() in /srv/http/git/kvkualaselangor.com/main/wp-content/themes/kvks-theme/header.php:21
Stack trace:
#0 /srv/http/git/kvkualaselangor.com/main/wp-includes/template.php(810): require_once()
#1 /srv/http/git/kvkualaselangor.com/main/wp-includes/template.php(745): load_template()
#2 /srv/http/git/kvkualaselangor.com/main/wp-includes/general-template.php(48): locate_template()
#3 /srv/http/git/kvkualaselangor.com/main/wp-content/themes/kvks-theme/page.php(1): get_header()
#4 /srv/http/git/kvkualaselangor.com/main/wp-includes/template-loader.php(106): include('...')
#5 /srv/http/git/kvkualaselangor.com/main/wp-blog-header.php(19): require_once('...')
#6 /srv/http/git/kvkualaselangor.com/main/index.php(17): require('...')
#7 {main}
  thrown in /srv/http/git/kvkualaselangor.com/main/wp-content/themes/kvks-theme/header.php on line 21
[29-Dec-2024 06:20:29 UTC] PHP Fatal error:  Uncaught Error: Call to undefined function parse_menu() in /srv/http/git/kvkualaselangor.com/main/wp-content/themes/kvks-theme/header.php:21
Stack trace:
#0 /srv/http/git/kvkualaselangor.com/main/wp-includes/template.php(810): require_once()
#1 /srv/http/git/kvkualaselangor.com/main/wp-includes/template.php(745): load_template()
#2 /srv/http/git/kvkualaselangor.com/main/wp-includes/general-template.php(48): locate_template()
#3 /srv/http/git/kvkualaselangor.com/main/wp-content/themes/kvks-theme/page.php(1): get_header()
#4 /srv/http/git/kvkualaselangor.com/main/wp-includes/template-loader.php(106): include('...')
#5 /srv/http/git/kvkualaselangor.com/main/wp-blog-header.php(19): require_once('...')
#6 /srv/http/git/kvkualaselangor.com/main/index.php(17): require('...')
#7 {main}
  thrown in /srv/http/git/kvkualaselangor.com/main/wp-content/themes/kvks-theme/header.php on line 21
[29-Dec-2024 06:20:44 UTC] PHP Warning:  Undefined variable $menu in /srv/http/git/kvkualaselangor.com/main/wp-content/themes/kvks-theme/header.php on line 47
[29-Dec-2024 06:20:44 UTC] PHP Warning:  foreach() argument must be of type array|object, null given in /srv/http/git/kvkualaselangor.com/main/wp-content/themes/kvks-theme/header.php on line 47
[29-Dec-2024 06:24:33 UTC] PHP Warning:  Array to string conversion in /srv/http/git/kvkualaselangor.com/main/wp-content/themes/kvks-theme/header.php on line 58
[29-Dec-2024 06:24:33 UTC] PHP Warning:  Array to string conversion in /srv/http/git/kvkualaselangor.com/main/wp-content/themes/kvks-theme/header.php on line 58
[03-Jan-2025 12:44:33 UTC] PHP Warning:  dns_get_record(): A temporary server error occurred. in /srv/http/git/kvkualaselangor.com/main/wp-content/plugins/better-wp-security/core/modules/global/active.php on line 211
[03-Jan-2025 13:47:49 UTC] PHP Warning:  Array to string conversion in /srv/http/git/kvkualaselangor.com/main/wp-content/themes/kvks-theme/header.php on line 58
[03-Jan-2025 13:47:49 UTC] PHP Warning:  Array to string conversion in /srv/http/git/kvkualaselangor.com/main/wp-content/themes/kvks-theme/header.php on line 66
[03-Jan-2025 13:47:49 UTC] PHP Warning:  Array to string conversion in /srv/http/git/kvkualaselangor.com/main/wp-content/themes/kvks-theme/header.php on line 67
[03-Jan-2025 13:48:27 UTC] PHP Warning:  Array to string conversion in /srv/http/git/kvkualaselangor.com/main/wp-content/themes/kvks-theme/header.php on line 58
[03-Jan-2025 13:48:27 UTC] PHP Warning:  Array to string conversion in /srv/http/git/kvkualaselangor.com/main/wp-content/themes/kvks-theme/header.php on line 66
[03-Jan-2025 13:48:27 UTC] PHP Warning:  Array to string conversion in /srv/http/git/kvkualaselangor.com/main/wp-content/themes/kvks-theme/header.php on line 67
[03-Jan-2025 13:48:34 UTC] PHP Warning:  Array to string conversion in /srv/http/git/kvkualaselangor.com/main/wp-content/themes/kvks-theme/header.php on line 58
[03-Jan-2025 13:48:34 UTC] PHP Warning:  Array to string conversion in /srv/http/git/kvkualaselangor.com/main/wp-content/themes/kvks-theme/header.php on line 66
[03-Jan-2025 13:48:34 UTC] PHP Warning:  Array to string conversion in /srv/http/git/kvkualaselangor.com/main/wp-content/themes/kvks-theme/header.php on line 67
[06-Jan-2025 02:24:09 UTC] PHP Warning:  Array to string conversion in /srv/http/git/kvkualaselangor.com/main/wp-content/themes/kvks-theme/header.php on line 58
[06-Jan-2025 02:24:09 UTC] PHP Warning:  Array to string conversion in /srv/http/git/kvkualaselangor.com/main/wp-content/themes/kvks-theme/header.php on line 66
[06-Jan-2025 02:24:09 UTC] PHP Warning:  Array to string conversion in /srv/http/git/kvkualaselangor.com/main/wp-content/themes/kvks-theme/header.php on line 67
[06-Jan-2025 02:24:20 UTC] PHP Warning:  Array to string conversion in /srv/http/git/kvkualaselangor.com/main/wp-content/themes/kvks-theme/header.php on line 58
[06-Jan-2025 02:24:20 UTC] PHP Warning:  Array to string conversion in /srv/http/git/kvkualaselangor.com/main/wp-content/themes/kvks-theme/header.php on line 66
[06-Jan-2025 02:24:20 UTC] PHP Warning:  Array to string conversion in /srv/http/git/kvkualaselangor.com/main/wp-content/themes/kvks-theme/header.php on line 67
[06-Jan-2025 02:24:21 UTC] PHP Warning:  Array to string conversion in /srv/http/git/kvkualaselangor.com/main/wp-content/themes/kvks-theme/header.php on line 58
[06-Jan-2025 02:24:21 UTC] PHP Warning:  Array to string conversion in /srv/http/git/kvkualaselangor.com/main/wp-content/themes/kvks-theme/header.php on line 66
[06-Jan-2025 02:24:21 UTC] PHP Warning:  Array to string conversion in /srv/http/git/kvkualaselangor.com/main/wp-content/themes/kvks-theme/header.php on line 67
[06-Jan-2025 02:24:22 UTC] PHP Warning:  Array to string conversion in /srv/http/git/kvkualaselangor.com/main/wp-content/themes/kvks-theme/header.php on line 58
[06-Jan-2025 02:24:22 UTC] PHP Warning:  Array to string conversion in /srv/http/git/kvkualaselangor.com/main/wp-content/themes/kvks-theme/header.php on line 66
[06-Jan-2025 02:24:22 UTC] PHP Warning:  Array to string conversion in /srv/http/git/kvkualaselangor.com/main/wp-content/themes/kvks-theme/header.php on line 67
[06-Jan-2025 03:21:41 UTC] PHP Warning:  Array to string conversion in /srv/http/git/kvkualaselangor.com/main/wp-content/themes/kvks-theme/header.php on line 58
[06-Jan-2025 03:21:41 UTC] PHP Warning:  Array to string conversion in /srv/http/git/kvkualaselangor.com/main/wp-content/themes/kvks-theme/header.php on line 66
[06-Jan-2025 03:21:41 UTC] PHP Warning:  Array to string conversion in /srv/http/git/kvkualaselangor.com/main/wp-content/themes/kvks-theme/header.php on line 67
[06-Jan-2025 03:23:18 UTC] PHP Warning:  Array to string conversion in /srv/http/git/kvkualaselangor.com/main/wp-content/themes/kvks-theme/header.php on line 58
[06-Jan-2025 03:23:18 UTC] PHP Warning:  Array to string conversion in /srv/http/git/kvkualaselangor.com/main/wp-content/themes/kvks-theme/header.php on line 66
[06-Jan-2025 03:23:18 UTC] PHP Warning:  Array to string conversion in /srv/http/git/kvkualaselangor.com/main/wp-content/themes/kvks-theme/header.php on line 67
[06-Jan-2025 03:23:41 UTC] PHP Parse error:  syntax error, unexpected token "<" in /srv/http/git/kvkualaselangor.com/main/wp-content/themes/kvks-theme/header.php on line 115
[06-Jan-2025 03:24:06 UTC] PHP Warning:  Array to string conversion in /srv/http/git/kvkualaselangor.com/main/wp-content/themes/kvks-theme/header.php on line 58
[06-Jan-2025 03:24:06 UTC] PHP Warning:  Array to string conversion in /srv/http/git/kvkualaselangor.com/main/wp-content/themes/kvks-theme/header.php on line 66
[06-Jan-2025 03:24:06 UTC] PHP Warning:  Array to string conversion in /srv/http/git/kvkualaselangor.com/main/wp-content/themes/kvks-theme/header.php on line 67
[06-Jan-2025 03:24:31 UTC] PHP Warning:  Array to string conversion in /srv/http/git/kvkualaselangor.com/main/wp-content/themes/kvks-theme/header.php on line 58
[06-Jan-2025 03:24:31 UTC] PHP Warning:  Array to string conversion in /srv/http/git/kvkualaselangor.com/main/wp-content/themes/kvks-theme/header.php on line 66
[06-Jan-2025 03:24:31 UTC] PHP Warning:  Array to string conversion in /srv/http/git/kvkualaselangor.com/main/wp-content/themes/kvks-theme/header.php on line 67
[06-Jan-2025 03:24:41 UTC] PHP Warning:  Array to string conversion in /srv/http/git/kvkualaselangor.com/main/wp-content/themes/kvks-theme/header.php on line 58
[06-Jan-2025 03:24:41 UTC] PHP Warning:  Array to string conversion in /srv/http/git/kvkualaselangor.com/main/wp-content/themes/kvks-theme/header.php on line 66
[06-Jan-2025 03:24:41 UTC] PHP Warning:  Array to string conversion in /srv/http/git/kvkualaselangor.com/main/wp-content/themes/kvks-theme/header.php on line 67
[06-Jan-2025 03:25:08 UTC] PHP Warning:  Array to string conversion in /srv/http/git/kvkualaselangor.com/main/wp-content/themes/kvks-theme/header.php on line 58
[06-Jan-2025 03:25:08 UTC] PHP Warning:  Array to string conversion in /srv/http/git/kvkualaselangor.com/main/wp-content/themes/kvks-theme/header.php on line 66
[06-Jan-2025 03:25:08 UTC] PHP Warning:  Array to string conversion in /srv/http/git/kvkualaselangor.com/main/wp-content/themes/kvks-theme/header.php on line 67
[06-Jan-2025 03:26:27 UTC] PHP Warning:  Array to string conversion in /srv/http/git/kvkualaselangor.com/main/wp-content/themes/kvks-theme/header.php on line 59
[06-Jan-2025 03:26:27 UTC] PHP Warning:  Array to string conversion in /srv/http/git/kvkualaselangor.com/main/wp-content/themes/kvks-theme/header.php on line 67
[06-Jan-2025 03:26:27 UTC] PHP Warning:  Array to string conversion in /srv/http/git/kvkualaselangor.com/main/wp-content/themes/kvks-theme/header.php on line 68
[06-Jan-2025 03:27:11 UTC] PHP Warning:  Array to string conversion in /srv/http/git/kvkualaselangor.com/main/wp-content/themes/kvks-theme/header.php on line 59
[06-Jan-2025 03:27:11 UTC] PHP Warning:  Array to string conversion in /srv/http/git/kvkualaselangor.com/main/wp-content/themes/kvks-theme/header.php on line 67
[06-Jan-2025 03:27:11 UTC] PHP Warning:  Array to string conversion in /srv/http/git/kvkualaselangor.com/main/wp-content/themes/kvks-theme/header.php on line 68
[06-Jan-2025 03:39:58 UTC] PHP Warning:  Array to string conversion in /srv/http/git/kvkualaselangor.com/main/wp-content/themes/kvks-theme/header.php on line 59
[06-Jan-2025 03:39:58 UTC] PHP Warning:  Array to string conversion in /srv/http/git/kvkualaselangor.com/main/wp-content/themes/kvks-theme/header.php on line 67
[06-Jan-2025 03:39:58 UTC] PHP Warning:  Array to string conversion in /srv/http/git/kvkualaselangor.com/main/wp-content/themes/kvks-theme/header.php on line 68
[06-Jan-2025 03:40:24 UTC] PHP Warning:  Array to string conversion in /srv/http/git/kvkualaselangor.com/main/wp-content/themes/kvks-theme/header.php on line 59
[06-Jan-2025 03:40:24 UTC] PHP Warning:  Array to string conversion in /srv/http/git/kvkualaselangor.com/main/wp-content/themes/kvks-theme/header.php on line 67
[06-Jan-2025 03:40:24 UTC] PHP Warning:  Array to string conversion in /srv/http/git/kvkualaselangor.com/main/wp-content/themes/kvks-theme/header.php on line 68
[06-Jan-2025 03:40:51 UTC] PHP Warning:  Array to string conversion in /srv/http/git/kvkualaselangor.com/main/wp-content/themes/kvks-theme/header.php on line 59
[06-Jan-2025 03:40:51 UTC] PHP Warning:  Array to string conversion in /srv/http/git/kvkualaselangor.com/main/wp-content/themes/kvks-theme/header.php on line 67
[06-Jan-2025 03:40:51 UTC] PHP Warning:  Array to string conversion in /srv/http/git/kvkualaselangor.com/main/wp-content/themes/kvks-theme/header.php on line 68
[06-Jan-2025 03:42:12 UTC] PHP Warning:  Array to string conversion in /srv/http/git/kvkualaselangor.com/main/wp-content/themes/kvks-theme/header.php on line 59
[06-Jan-2025 03:42:12 UTC] PHP Warning:  Array to string conversion in /srv/http/git/kvkualaselangor.com/main/wp-content/themes/kvks-theme/header.php on line 67
[06-Jan-2025 03:42:12 UTC] PHP Warning:  Array to string conversion in /srv/http/git/kvkualaselangor.com/main/wp-content/themes/kvks-theme/header.php on line 68
[06-Jan-2025 03:42:48 UTC] PHP Warning:  Array to string conversion in /srv/http/git/kvkualaselangor.com/main/wp-content/themes/kvks-theme/header.php on line 59
[06-Jan-2025 03:42:48 UTC] PHP Warning:  Array to string conversion in /srv/http/git/kvkualaselangor.com/main/wp-content/themes/kvks-theme/header.php on line 67
[06-Jan-2025 03:42:48 UTC] PHP Warning:  Array to string conversion in /srv/http/git/kvkualaselangor.com/main/wp-content/themes/kvks-theme/header.php on line 68
[06-Jan-2025 03:43:13 UTC] PHP Warning:  Array to string conversion in /srv/http/git/kvkualaselangor.com/main/wp-content/themes/kvks-theme/header.php on line 59
[06-Jan-2025 03:43:13 UTC] PHP Warning:  Array to string conversion in /srv/http/git/kvkualaselangor.com/main/wp-content/themes/kvks-theme/header.php on line 67
[06-Jan-2025 03:43:13 UTC] PHP Warning:  Array to string conversion in /srv/http/git/kvkualaselangor.com/main/wp-content/themes/kvks-theme/header.php on line 68
[06-Jan-2025 03:46:50 UTC] PHP Warning:  Array to string conversion in /srv/http/git/kvkualaselangor.com/main/wp-content/themes/kvks-theme/header.php on line 59
[06-Jan-2025 03:46:50 UTC] PHP Warning:  Array to string conversion in /srv/http/git/kvkualaselangor.com/main/wp-content/themes/kvks-theme/header.php on line 67
[06-Jan-2025 03:46:50 UTC] PHP Warning:  Array to string conversion in /srv/http/git/kvkualaselangor.com/main/wp-content/themes/kvks-theme/header.php on line 68
[06-Jan-2025 03:47:07 UTC] PHP Warning:  Array to string conversion in /srv/http/git/kvkualaselangor.com/main/wp-content/themes/kvks-theme/header.php on line 59
[06-Jan-2025 03:47:07 UTC] PHP Warning:  Array to string conversion in /srv/http/git/kvkualaselangor.com/main/wp-content/themes/kvks-theme/header.php on line 67
[06-Jan-2025 03:47:07 UTC] PHP Warning:  Array to string conversion in /srv/http/git/kvkualaselangor.com/main/wp-content/themes/kvks-theme/header.php on line 68
[06-Jan-2025 03:47:30 UTC] PHP Warning:  Array to string conversion in /srv/http/git/kvkualaselangor.com/main/wp-content/themes/kvks-theme/header.php on line 59
[06-Jan-2025 03:47:30 UTC] PHP Warning:  Array to string conversion in /srv/http/git/kvkualaselangor.com/main/wp-content/themes/kvks-theme/header.php on line 67
[06-Jan-2025 03:47:30 UTC] PHP Warning:  Array to string conversion in /srv/http/git/kvkualaselangor.com/main/wp-content/themes/kvks-theme/header.php on line 68
[06-Jan-2025 03:47:40 UTC] PHP Warning:  Array to string conversion in /srv/http/git/kvkualaselangor.com/main/wp-content/themes/kvks-theme/header.php on line 59
[06-Jan-2025 03:47:40 UTC] PHP Warning:  Array to string conversion in /srv/http/git/kvkualaselangor.com/main/wp-content/themes/kvks-theme/header.php on line 67
[06-Jan-2025 03:47:40 UTC] PHP Warning:  Array to string conversion in /srv/http/git/kvkualaselangor.com/main/wp-content/themes/kvks-theme/header.php on line 68
[06-Jan-2025 03:47:47 UTC] PHP Warning:  Array to string conversion in /srv/http/git/kvkualaselangor.com/main/wp-content/themes/kvks-theme/header.php on line 59
[06-Jan-2025 03:47:47 UTC] PHP Warning:  Array to string conversion in /srv/http/git/kvkualaselangor.com/main/wp-content/themes/kvks-theme/header.php on line 67
[06-Jan-2025 03:47:47 UTC] PHP Warning:  Array to string conversion in /srv/http/git/kvkualaselangor.com/main/wp-content/themes/kvks-theme/header.php on line 68
[06-Jan-2025 03:47:54 UTC] PHP Warning:  Array to string conversion in /srv/http/git/kvkualaselangor.com/main/wp-content/themes/kvks-theme/header.php on line 59
[06-Jan-2025 03:47:54 UTC] PHP Warning:  Array to string conversion in /srv/http/git/kvkualaselangor.com/main/wp-content/themes/kvks-theme/header.php on line 67
[06-Jan-2025 03:47:54 UTC] PHP Warning:  Array to string conversion in /srv/http/git/kvkualaselangor.com/main/wp-content/themes/kvks-theme/header.php on line 68
[06-Jan-2025 03:48:13 UTC] PHP Warning:  Array to string conversion in /srv/http/git/kvkualaselangor.com/main/wp-content/themes/kvks-theme/header.php on line 59
[06-Jan-2025 03:48:13 UTC] PHP Warning:  Array to string conversion in /srv/http/git/kvkualaselangor.com/main/wp-content/themes/kvks-theme/header.php on line 67
[06-Jan-2025 03:48:13 UTC] PHP Warning:  Array to string conversion in /srv/http/git/kvkualaselangor.com/main/wp-content/themes/kvks-theme/header.php on line 68
[06-Jan-2025 03:48:24 UTC] PHP Warning:  Array to string conversion in /srv/http/git/kvkualaselangor.com/main/wp-content/themes/kvks-theme/header.php on line 59
[06-Jan-2025 03:48:24 UTC] PHP Warning:  Array to string conversion in /srv/http/git/kvkualaselangor.com/main/wp-content/themes/kvks-theme/header.php on line 67
[06-Jan-2025 03:48:24 UTC] PHP Warning:  Array to string conversion in /srv/http/git/kvkualaselangor.com/main/wp-content/themes/kvks-theme/header.php on line 68
[06-Jan-2025 03:48:55 UTC] PHP Warning:  Array to string conversion in /srv/http/git/kvkualaselangor.com/main/wp-content/themes/kvks-theme/header.php on line 59
[06-Jan-2025 03:48:55 UTC] PHP Warning:  Array to string conversion in /srv/http/git/kvkualaselangor.com/main/wp-content/themes/kvks-theme/header.php on line 67
[06-Jan-2025 03:48:55 UTC] PHP Warning:  Array to string conversion in /srv/http/git/kvkualaselangor.com/main/wp-content/themes/kvks-theme/header.php on line 68
[06-Jan-2025 03:49:17 UTC] PHP Warning:  Array to string conversion in /srv/http/git/kvkualaselangor.com/main/wp-content/themes/kvks-theme/header.php on line 59
[06-Jan-2025 03:49:17 UTC] PHP Warning:  Array to string conversion in /srv/http/git/kvkualaselangor.com/main/wp-content/themes/kvks-theme/header.php on line 67
[06-Jan-2025 03:49:17 UTC] PHP Warning:  Array to string conversion in /srv/http/git/kvkualaselangor.com/main/wp-content/themes/kvks-theme/header.php on line 68
[06-Jan-2025 03:49:30 UTC] PHP Warning:  Array to string conversion in /srv/http/git/kvkualaselangor.com/main/wp-content/themes/kvks-theme/header.php on line 59
[06-Jan-2025 03:49:30 UTC] PHP Warning:  Array to string conversion in /srv/http/git/kvkualaselangor.com/main/wp-content/themes/kvks-theme/header.php on line 67
[06-Jan-2025 03:49:30 UTC] PHP Warning:  Array to string conversion in /srv/http/git/kvkualaselangor.com/main/wp-content/themes/kvks-theme/header.php on line 68
[06-Jan-2025 03:49:59 UTC] PHP Warning:  Array to string conversion in /srv/http/git/kvkualaselangor.com/main/wp-content/themes/kvks-theme/header.php on line 59
[06-Jan-2025 03:49:59 UTC] PHP Warning:  Array to string conversion in /srv/http/git/kvkualaselangor.com/main/wp-content/themes/kvks-theme/header.php on line 67
[06-Jan-2025 03:49:59 UTC] PHP Warning:  Array to string conversion in /srv/http/git/kvkualaselangor.com/main/wp-content/themes/kvks-theme/header.php on line 68
[06-Jan-2025 03:50:15 UTC] PHP Warning:  Array to string conversion in /srv/http/git/kvkualaselangor.com/main/wp-content/themes/kvks-theme/header.php on line 59
[06-Jan-2025 03:50:15 UTC] PHP Warning:  Array to string conversion in /srv/http/git/kvkualaselangor.com/main/wp-content/themes/kvks-theme/header.php on line 67
[06-Jan-2025 03:50:15 UTC] PHP Warning:  Array to string conversion in /srv/http/git/kvkualaselangor.com/main/wp-content/themes/kvks-theme/header.php on line 68
[06-Jan-2025 03:50:52 UTC] PHP Warning:  Array to string conversion in /srv/http/git/kvkualaselangor.com/main/wp-content/themes/kvks-theme/header.php on line 59
[06-Jan-2025 03:50:52 UTC] PHP Warning:  Array to string conversion in /srv/http/git/kvkualaselangor.com/main/wp-content/themes/kvks-theme/header.php on line 67
[06-Jan-2025 03:50:52 UTC] PHP Warning:  Array to string conversion in /srv/http/git/kvkualaselangor.com/main/wp-content/themes/kvks-theme/header.php on line 68
[06-Jan-2025 03:51:03 UTC] PHP Warning:  Array to string conversion in /srv/http/git/kvkualaselangor.com/main/wp-content/themes/kvks-theme/header.php on line 59
[06-Jan-2025 03:51:03 UTC] PHP Warning:  Array to string conversion in /srv/http/git/kvkualaselangor.com/main/wp-content/themes/kvks-theme/header.php on line 67
[06-Jan-2025 03:51:03 UTC] PHP Warning:  Array to string conversion in /srv/http/git/kvkualaselangor.com/main/wp-content/themes/kvks-theme/header.php on line 68
[06-Jan-2025 03:53:10 UTC] PHP Warning:  Array to string conversion in /srv/http/git/kvkualaselangor.com/main/wp-content/themes/kvks-theme/header.php on line 59
[06-Jan-2025 03:53:10 UTC] PHP Warning:  Array to string conversion in /srv/http/git/kvkualaselangor.com/main/wp-content/themes/kvks-theme/header.php on line 67
[06-Jan-2025 03:53:10 UTC] PHP Warning:  Array to string conversion in /srv/http/git/kvkualaselangor.com/main/wp-content/themes/kvks-theme/header.php on line 68
[06-Jan-2025 03:53:21 UTC] PHP Warning:  Array to string conversion in /srv/http/git/kvkualaselangor.com/main/wp-content/themes/kvks-theme/header.php on line 59
[06-Jan-2025 03:53:21 UTC] PHP Warning:  Array to string conversion in /srv/http/git/kvkualaselangor.com/main/wp-content/themes/kvks-theme/header.php on line 67
[06-Jan-2025 03:53:21 UTC] PHP Warning:  Array to string conversion in /srv/http/git/kvkualaselangor.com/main/wp-content/themes/kvks-theme/header.php on line 68
[06-Jan-2025 03:53:38 UTC] PHP Warning:  Array to string conversion in /srv/http/git/kvkualaselangor.com/main/wp-content/themes/kvks-theme/header.php on line 59
[06-Jan-2025 03:53:38 UTC] PHP Warning:  Array to string conversion in /srv/http/git/kvkualaselangor.com/main/wp-content/themes/kvks-theme/header.php on line 67
[06-Jan-2025 03:53:38 UTC] PHP Warning:  Array to string conversion in /srv/http/git/kvkualaselangor.com/main/wp-content/themes/kvks-theme/header.php on line 68
[06-Jan-2025 03:55:07 UTC] PHP Warning:  Array to string conversion in /srv/http/git/kvkualaselangor.com/main/wp-content/themes/kvks-theme/header.php on line 137
[06-Jan-2025 03:55:07 UTC] PHP Warning:  Array to string conversion in /srv/http/git/kvkualaselangor.com/main/wp-content/themes/kvks-theme/header.php on line 145
[06-Jan-2025 03:55:07 UTC] PHP Warning:  Array to string conversion in /srv/http/git/kvkualaselangor.com/main/wp-content/themes/kvks-theme/header.php on line 146
[06-Jan-2025 03:55:53 UTC] PHP Warning:  Array to string conversion in /srv/http/git/kvkualaselangor.com/main/wp-content/themes/kvks-theme/header.php on line 137
[06-Jan-2025 03:55:53 UTC] PHP Warning:  Array to string conversion in /srv/http/git/kvkualaselangor.com/main/wp-content/themes/kvks-theme/header.php on line 145
[06-Jan-2025 03:55:53 UTC] PHP Warning:  Array to string conversion in /srv/http/git/kvkualaselangor.com/main/wp-content/themes/kvks-theme/header.php on line 146
[06-Jan-2025 03:56:13 UTC] PHP Warning:  Array to string conversion in /srv/http/git/kvkualaselangor.com/main/wp-content/themes/kvks-theme/header.php on line 137
[06-Jan-2025 03:56:13 UTC] PHP Warning:  Array to string conversion in /srv/http/git/kvkualaselangor.com/main/wp-content/themes/kvks-theme/header.php on line 145
[06-Jan-2025 03:56:13 UTC] PHP Warning:  Array to string conversion in /srv/http/git/kvkualaselangor.com/main/wp-content/themes/kvks-theme/header.php on line 146
[06-Jan-2025 03:56:27 UTC] PHP Warning:  Array to string conversion in /srv/http/git/kvkualaselangor.com/main/wp-content/themes/kvks-theme/header.php on line 137
[06-Jan-2025 03:56:27 UTC] PHP Warning:  Array to string conversion in /srv/http/git/kvkualaselangor.com/main/wp-content/themes/kvks-theme/header.php on line 145
[06-Jan-2025 03:56:27 UTC] PHP Warning:  Array to string conversion in /srv/http/git/kvkualaselangor.com/main/wp-content/themes/kvks-theme/header.php on line 146
[07-Jan-2025 08:01:59 UTC] PHP Warning:  dns_get_record(): A temporary server error occurred. in /srv/http/git/kvkualaselangor.com/main/wp-content/plugins/better-wp-security/core/modules/global/active.php on line 211
[08-Jan-2025 05:01:29 UTC] PHP Warning:  dns_get_record(): A temporary server error occurred. in /srv/http/git/kvkualaselangor.com/main/wp-content/plugins/better-wp-security/core/modules/global/active.php on line 211
[16-Jan-2025 15:09:02 UTC] PHP Warning:  dns_get_record(): A temporary server error occurred. in /srv/http/git/kvkualaselangor.com/main/wp-content/plugins/better-wp-security/core/modules/global/active.php on line 211
